{"timestamp":"2026-01-30T16:28:54.501349Z","level":"info","event":"DAG bundles loaded: dags-folder, example_dags","logger":"airflow.dag_processing.bundles.manager.DagBundlesManager","filename":"manager.py","lineno":179}
{"timestamp":"2026-01-30T16:28:54.504291Z","level":"info","event":"Filling up the DagBag from /opt/airflow/dags/weather_dag.py","logger":"airflow.models.dagbag.DagBag","filename":"dagbag.py","lineno":593}
{"timestamp":"2026-01-30T16:28:54.616110Z","level":"warning","event":"The `airflow.operators.python.PythonOperator` attribute is deprecated. Please use `'airflow.providers.standard.operators.python.PythonOperator'`.","category":"DeprecatedImportWarning","filename":"/opt/airflow/dags/weather_dag.py","lineno":2,"logger":"py.warnings"}
{"timestamp":"2026-01-30T16:28:54.758426Z","level":"info","event":"Task instance is in running state","logger":"task.stdout"}
{"timestamp":"2026-01-30T16:28:54.759629Z","level":"info","event":" Previous state of the Task instance: TaskInstanceState.QUEUED","logger":"task.stdout"}
{"timestamp":"2026-01-30T16:28:54.764889Z","level":"info","event":"Current task name:fetch_weather_and_load","logger":"task.stdout"}
{"timestamp":"2026-01-30T16:28:54.771110Z","level":"info","event":"Dag name:weather_pipeline","logger":"task.stdout"}
{"timestamp":"2026-01-30T16:28:55.844096Z","level":"error","event":"Task failed with exception","logger":"task","filename":"task_runner.py","lineno":1078,"error_detail":[{"exc_type":"OperationalError","exc_value":"connection to server at \"localhost\" (::1), port 5432 failed: Connection refused\n\tIs the server running on that host and accepting TCP/IP connections?\nconnection to server at \"localhost\" (127.0.0.1), port 5432 failed: Connection refused\n\tIs the server running on that host and accepting TCP/IP connections?\n","exc_notes":[],"syntax_error":null,"is_cause":false,"frames":[{"filename":"/home/airflow/.local/lib/python3.12/site-packages/airflow/sdk/execution_time/task_runner.py","lineno":1004,"name":"run"},{"filename":"/home/airflow/.local/lib/python3.12/site-packages/airflow/sdk/execution_time/task_runner.py","lineno":1405,"name":"_execute_task"},{"filename":"/home/airflow/.local/lib/python3.12/site-packages/airflow/sdk/bases/operator.py","lineno":417,"name":"wrapper"},{"filename":"/home/airflow/.local/lib/python3.12/site-packages/airflow/providers/standard/operators/python.py","lineno":214,"name":"execute"},{"filename":"/home/airflow/.local/lib/python3.12/site-packages/airflow/providers/standard/operators/python.py","lineno":237,"name":"execute_callable"},{"filename":"/home/airflow/.local/lib/python3.12/site-packages/airflow/sdk/execution_time/callback_runner.py","lineno":82,"name":"run"},{"filename":"/opt/airflow/dags/scripts/weather_pipeline.py","lineno":15,"name":"fetch_and_load"},{"filename":"/home/airflow/.local/lib/python3.12/site-packages/psycopg2/__init__.py","lineno":122,"name":"connect"}],"is_group":false,"exceptions":[]}]}
{"timestamp":"2026-01-30T16:28:55.848230Z","level":"info","event":"Task instance in failure state","logger":"task.stdout"}
{"timestamp":"2026-01-30T16:28:55.849398Z","level":"info","event":"Task start","logger":"task.stdout"}
{"timestamp":"2026-01-30T16:28:55.850359Z","level":"info","event":"Task:<Task(PythonOperator): fetch_weather_and_load>","logger":"task.stdout"}
{"timestamp":"2026-01-30T16:28:55.851193Z","level":"info","event":"Failure caused by connection to server at \"localhost\" (::1), port 5432 failed: Connection refused","logger":"task.stdout"}
{"timestamp":"2026-01-30T16:28:55.851999Z","level":"info","event":"\tIs the server running on that host and accepting TCP/IP connections?","logger":"task.stdout"}
{"timestamp":"2026-01-30T16:28:55.852931Z","level":"info","event":"connection to server at \"localhost\" (127.0.0.1), port 5432 failed: Connection refused","logger":"task.stdout"}
{"timestamp":"2026-01-30T16:28:55.853905Z","level":"info","event":"\tIs the server running on that host and accepting TCP/IP connections?","logger":"task.stdout"}
{"timestamp":"2026-01-30T16:28:55.858323Z","level":"info","event":"","logger":"task.stdout"}
{"timestamp":"2026-01-30T16:34:48.683772Z","level":"info","event":"DAG bundles loaded: dags-folder, example_dags","logger":"airflow.dag_processing.bundles.manager.DagBundlesManager","filename":"manager.py","lineno":179}
{"timestamp":"2026-01-30T16:34:48.692471Z","level":"info","event":"Filling up the DagBag from /opt/airflow/dags/weather_dag.py","logger":"airflow.models.dagbag.DagBag","filename":"dagbag.py","lineno":593}
{"timestamp":"2026-01-30T16:34:48.805800Z","level":"warning","event":"The `airflow.operators.python.PythonOperator` attribute is deprecated. Please use `'airflow.providers.standard.operators.python.PythonOperator'`.","category":"DeprecatedImportWarning","filename":"/opt/airflow/dags/weather_dag.py","lineno":2,"logger":"py.warnings"}
{"timestamp":"2026-01-30T16:34:48.953389Z","level":"info","event":"Task instance is in running state","logger":"task.stdout"}
{"timestamp":"2026-01-30T16:34:48.956206Z","level":"info","event":" Previous state of the Task instance: TaskInstanceState.QUEUED","logger":"task.stdout"}
{"timestamp":"2026-01-30T16:34:48.957810Z","level":"info","event":"Current task name:fetch_weather_and_load","logger":"task.stdout"}
{"timestamp":"2026-01-30T16:34:48.959792Z","level":"info","event":"Dag name:weather_pipeline","logger":"task.stdout"}
{"timestamp":"2026-01-30T16:34:50.104774Z","level":"error","event":"Task failed with exception","logger":"task","filename":"task_runner.py","lineno":1078,"error_detail":[{"exc_type":"OperationalError","exc_value":"connection to server at \"postgres\" (172.19.0.3), port 5432 failed: FATAL:  database \"weather_db\" does not exist\n","exc_notes":[],"syntax_error":null,"is_cause":false,"frames":[{"filename":"/home/airflow/.local/lib/python3.12/site-packages/airflow/sdk/execution_time/task_runner.py","lineno":1004,"name":"run"},{"filename":"/home/airflow/.local/lib/python3.12/site-packages/airflow/sdk/execution_time/task_runner.py","lineno":1405,"name":"_execute_task"},{"filename":"/home/airflow/.local/lib/python3.12/site-packages/airflow/sdk/bases/operator.py","lineno":417,"name":"wrapper"},{"filename":"/home/airflow/.local/lib/python3.12/site-packages/airflow/providers/standard/operators/python.py","lineno":214,"name":"execute"},{"filename":"/home/airflow/.local/lib/python3.12/site-packages/airflow/providers/standard/operators/python.py","lineno":237,"name":"execute_callable"},{"filename":"/home/airflow/.local/lib/python3.12/site-packages/airflow/sdk/execution_time/callback_runner.py","lineno":82,"name":"run"},{"filename":"/opt/airflow/dags/scripts/weather_pipeline.py","lineno":15,"name":"fetch_and_load"},{"filename":"/home/airflow/.local/lib/python3.12/site-packages/psycopg2/__init__.py","lineno":122,"name":"connect"}],"is_group":false,"exceptions":[]}]}
{"timestamp":"2026-01-30T16:34:50.112963Z","level":"info","event":"Task instance in failure state","logger":"task.stdout"}
{"timestamp":"2026-01-30T16:34:50.114293Z","level":"info","event":"Task start","logger":"task.stdout"}
{"timestamp":"2026-01-30T16:34:50.115816Z","level":"info","event":"Task:<Task(PythonOperator): fetch_weather_and_load>","logger":"task.stdout"}
{"timestamp":"2026-01-30T16:34:50.117259Z","level":"info","event":"Failure caused by connection to server at \"postgres\" (172.19.0.3), port 5432 failed: FATAL:  database \"weather_db\" does not exist","logger":"task.stdout"}
{"timestamp":"2026-01-30T16:34:50.118191Z","level":"info","event":"","logger":"task.stdout"}
{"timestamp":"2026-01-30T16:40:02.463052Z","level":"info","event":"DAG bundles loaded: dags-folder, example_dags","logger":"airflow.dag_processing.bundles.manager.DagBundlesManager","filename":"manager.py","lineno":179}
{"timestamp":"2026-01-30T16:40:02.467292Z","level":"info","event":"Filling up the DagBag from /opt/airflow/dags/weather_dag.py","logger":"airflow.models.dagbag.DagBag","filename":"dagbag.py","lineno":593}
{"timestamp":"2026-01-30T16:40:02.883978Z","level":"info","event":"Task instance is in running state","logger":"task.stdout"}
{"timestamp":"2026-01-30T16:40:02.885091Z","level":"info","event":" Previous state of the Task instance: TaskInstanceState.QUEUED","logger":"task.stdout"}
{"timestamp":"2026-01-30T16:40:02.886259Z","level":"info","event":"Current task name:fetch_weather_and_load","logger":"task.stdout"}
{"timestamp":"2026-01-30T16:40:02.888293Z","level":"info","event":"Dag name:weather_pipeline","logger":"task.stdout"}
{"timestamp":"2026-01-30T16:40:04.255695Z","level":"error","event":"Task failed with exception","logger":"task","filename":"task_runner.py","lineno":1078,"error_detail":[{"exc_type":"OperationalError","exc_value":"connection to server at \"postgres\" (172.19.0.2), port 5432 failed: FATAL:  database \"weather_db\" does not exist\n","exc_notes":[],"syntax_error":null,"is_cause":false,"frames":[{"filename":"/home/airflow/.local/lib/python3.12/site-packages/airflow/sdk/execution_time/task_runner.py","lineno":1004,"name":"run"},{"filename":"/home/airflow/.local/lib/python3.12/site-packages/airflow/sdk/execution_time/task_runner.py","lineno":1405,"name":"_execute_task"},{"filename":"/home/airflow/.local/lib/python3.12/site-packages/airflow/sdk/bases/operator.py","lineno":417,"name":"wrapper"},{"filename":"/home/airflow/.local/lib/python3.12/site-packages/airflow/providers/standard/operators/python.py","lineno":214,"name":"execute"},{"filename":"/home/airflow/.local/lib/python3.12/site-packages/airflow/providers/standard/operators/python.py","lineno":237,"name":"execute_callable"},{"filename":"/home/airflow/.local/lib/python3.12/site-packages/airflow/sdk/execution_time/callback_runner.py","lineno":82,"name":"run"},{"filename":"/opt/airflow/dags/scripts/weather_pipeline.py","lineno":15,"name":"fetch_and_load"},{"filename":"/home/airflow/.local/lib/python3.12/site-packages/psycopg2/__init__.py","lineno":122,"name":"connect"}],"is_group":false,"exceptions":[]}]}
{"timestamp":"2026-01-30T16:40:04.259536Z","level":"info","event":"Task instance in failure state","logger":"task.stdout"}
{"timestamp":"2026-01-30T16:40:04.265124Z","level":"info","event":"Task start","logger":"task.stdout"}
{"timestamp":"2026-01-30T16:40:04.265952Z","level":"info","event":"Task:<Task(PythonOperator): fetch_weather_and_load>","logger":"task.stdout"}
{"timestamp":"2026-01-30T16:40:04.266772Z","level":"info","event":"Failure caused by connection to server at \"postgres\" (172.19.0.2), port 5432 failed: FATAL:  database \"weather_db\" does not exist","logger":"task.stdout"}
{"timestamp":"2026-01-30T16:40:04.267547Z","level":"info","event":"","logger":"task.stdout"}
{"timestamp":"2026-01-30T16:46:37.334449Z","level":"info","event":"DAG bundles loaded: dags-folder, example_dags","logger":"airflow.dag_processing.bundles.manager.DagBundlesManager","filename":"manager.py","lineno":179}
{"timestamp":"2026-01-30T16:46:37.337315Z","level":"info","event":"Filling up the DagBag from /opt/airflow/dags/weather_dag.py","logger":"airflow.models.dagbag.DagBag","filename":"dagbag.py","lineno":593}
{"timestamp":"2026-01-30T16:46:37.609273Z","level":"info","event":"Task instance is in running state","logger":"task.stdout"}
{"timestamp":"2026-01-30T16:46:37.611665Z","level":"info","event":" Previous state of the Task instance: TaskInstanceState.QUEUED","logger":"task.stdout"}
{"timestamp":"2026-01-30T16:46:37.614315Z","level":"info","event":"Current task name:fetch_weather_and_load","logger":"task.stdout"}
{"timestamp":"2026-01-30T16:46:37.615585Z","level":"info","event":"Dag name:weather_pipeline","logger":"task.stdout"}
{"timestamp":"2026-01-30T16:46:38.850571Z","level":"error","event":"Task failed with exception","logger":"task","filename":"task_runner.py","lineno":1078,"error_detail":[{"exc_type":"UndefinedTable","exc_value":"relation \"weather_raw\" does not exist\nLINE 2:         INSERT INTO weather_raw (city, temperature_c, humidi...\n                            ^\n","exc_notes":[],"syntax_error":null,"is_cause":false,"frames":[{"filename":"/home/airflow/.local/lib/python3.12/site-packages/airflow/sdk/execution_time/task_runner.py","lineno":1004,"name":"run"},{"filename":"/home/airflow/.local/lib/python3.12/site-packages/airflow/sdk/execution_time/task_runner.py","lineno":1405,"name":"_execute_task"},{"filename":"/home/airflow/.local/lib/python3.12/site-packages/airflow/sdk/bases/operator.py","lineno":417,"name":"wrapper"},{"filename":"/home/airflow/.local/lib/python3.12/site-packages/airflow/providers/standard/operators/python.py","lineno":214,"name":"execute"},{"filename":"/home/airflow/.local/lib/python3.12/site-packages/airflow/providers/standard/operators/python.py","lineno":237,"name":"execute_callable"},{"filename":"/home/airflow/.local/lib/python3.12/site-packages/airflow/sdk/execution_time/callback_runner.py","lineno":82,"name":"run"},{"filename":"/opt/airflow/dags/scripts/weather_pipeline.py","lineno":24,"name":"fetch_and_load"}],"is_group":false,"exceptions":[]}]}
{"timestamp":"2026-01-30T16:46:38.855401Z","level":"info","event":"Task instance in failure state","logger":"task.stdout"}
{"timestamp":"2026-01-30T16:46:38.857015Z","level":"info","event":"Task start","logger":"task.stdout"}
{"timestamp":"2026-01-30T16:46:38.859709Z","level":"info","event":"Task:<Task(PythonOperator): fetch_weather_and_load>","logger":"task.stdout"}
{"timestamp":"2026-01-30T16:46:38.860685Z","level":"info","event":"Failure caused by relation \"weather_raw\" does not exist","logger":"task.stdout"}
{"timestamp":"2026-01-30T16:46:38.862004Z","level":"info","event":"LINE 2:         INSERT INTO weather_raw (city, temperature_c, humidi...","logger":"task.stdout"}
{"timestamp":"2026-01-30T16:46:38.863042Z","level":"info","event":"                            ^","logger":"task.stdout"}
{"timestamp":"2026-01-30T16:46:38.863740Z","level":"info","event":"","logger":"task.stdout"}
{"timestamp":"2026-01-30T16:52:12.520863Z","level":"info","event":"DAG bundles loaded: dags-folder, example_dags","logger":"airflow.dag_processing.bundles.manager.DagBundlesManager","filename":"manager.py","lineno":179}
{"timestamp":"2026-01-30T16:52:12.523445Z","level":"info","event":"Filling up the DagBag from /opt/airflow/dags/weather_dag.py","logger":"airflow.models.dagbag.DagBag","filename":"dagbag.py","lineno":593}
{"timestamp":"2026-01-30T16:52:12.743187Z","level":"info","event":"Task instance is in running state","logger":"task.stdout"}
{"timestamp":"2026-01-30T16:52:12.743962Z","level":"info","event":" Previous state of the Task instance: TaskInstanceState.QUEUED","logger":"task.stdout"}
{"timestamp":"2026-01-30T16:52:12.744670Z","level":"info","event":"Current task name:fetch_weather_and_load","logger":"task.stdout"}
{"timestamp":"2026-01-30T16:52:12.745294Z","level":"info","event":"Dag name:weather_pipeline","logger":"task.stdout"}
{"timestamp":"2026-01-30T16:52:13.985216Z","level":"error","event":"Task failed with exception","logger":"task","filename":"task_runner.py","lineno":1078,"error_detail":[{"exc_type":"UndefinedColumn","exc_value":"column \"weather\" of relation \"weather_raw\" does not exist\nLINE 2: ...RT INTO weather_raw (city, temperature_c, humidity, weather)\n                                                               ^\n","exc_notes":[],"syntax_error":null,"is_cause":false,"frames":[{"filename":"/home/airflow/.local/lib/python3.12/site-packages/airflow/sdk/execution_time/task_runner.py","lineno":1004,"name":"run"},{"filename":"/home/airflow/.local/lib/python3.12/site-packages/airflow/sdk/execution_time/task_runner.py","lineno":1405,"name":"_execute_task"},{"filename":"/home/airflow/.local/lib/python3.12/site-packages/airflow/sdk/bases/operator.py","lineno":417,"name":"wrapper"},{"filename":"/home/airflow/.local/lib/python3.12/site-packages/airflow/providers/standard/operators/python.py","lineno":214,"name":"execute"},{"filename":"/home/airflow/.local/lib/python3.12/site-packages/airflow/providers/standard/operators/python.py","lineno":237,"name":"execute_callable"},{"filename":"/home/airflow/.local/lib/python3.12/site-packages/airflow/sdk/execution_time/callback_runner.py","lineno":82,"name":"run"},{"filename":"/opt/airflow/dags/scripts/weather_pipeline.py","lineno":32,"name":"fetch_and_load"}],"is_group":false,"exceptions":[]}]}
{"timestamp":"2026-01-30T16:52:13.988055Z","level":"info","event":"Task instance in failure state","logger":"task.stdout"}
{"timestamp":"2026-01-30T16:52:13.989176Z","level":"info","event":"Task start","logger":"task.stdout"}
{"timestamp":"2026-01-30T16:52:13.989785Z","level":"info","event":"Task:<Task(PythonOperator): fetch_weather_and_load>","logger":"task.stdout"}
{"timestamp":"2026-01-30T16:52:13.990395Z","level":"info","event":"Failure caused by column \"weather\" of relation \"weather_raw\" does not exist","logger":"task.stdout"}
{"timestamp":"2026-01-30T16:52:13.990941Z","level":"info","event":"LINE 2: ...RT INTO weather_raw (city, temperature_c, humidity, weather)","logger":"task.stdout"}
{"timestamp":"2026-01-30T16:52:13.991478Z","level":"info","event":"                                                               ^","logger":"task.stdout"}
{"timestamp":"2026-01-30T16:52:13.992018Z","level":"info","event":"","logger":"task.stdout"}
{"timestamp":"2026-01-30T16:59:04.450758Z","level":"info","event":"DAG bundles loaded: dags-folder, example_dags","logger":"airflow.dag_processing.bundles.manager.DagBundlesManager","filename":"manager.py","lineno":179}
{"timestamp":"2026-01-30T16:59:04.452632Z","level":"info","event":"Filling up the DagBag from /opt/airflow/dags/weather_dag.py","logger":"airflow.models.dagbag.DagBag","filename":"dagbag.py","lineno":593}
{"timestamp":"2026-01-30T16:59:04.576718Z","level":"info","event":"Task instance is in running state","logger":"task.stdout"}
{"timestamp":"2026-01-30T16:59:04.577661Z","level":"info","event":" Previous state of the Task instance: TaskInstanceState.QUEUED","logger":"task.stdout"}
{"timestamp":"2026-01-30T16:59:04.579192Z","level":"info","event":"Current task name:fetch_weather_and_load","logger":"task.stdout"}
{"timestamp":"2026-01-30T16:59:04.579750Z","level":"info","event":"Dag name:weather_pipeline","logger":"task.stdout"}
{"timestamp":"2026-01-30T16:59:05.719120Z","level":"error","event":"Task failed with exception","logger":"task","filename":"task_runner.py","lineno":1078,"error_detail":[{"exc_type":"IndexError","exc_value":"tuple index out of range","exc_notes":[],"syntax_error":null,"is_cause":false,"frames":[{"filename":"/home/airflow/.local/lib/python3.12/site-packages/airflow/sdk/execution_time/task_runner.py","lineno":1004,"name":"run"},{"filename":"/home/airflow/.local/lib/python3.12/site-packages/airflow/sdk/execution_time/task_runner.py","lineno":1405,"name":"_execute_task"},{"filename":"/home/airflow/.local/lib/python3.12/site-packages/airflow/sdk/bases/operator.py","lineno":417,"name":"wrapper"},{"filename":"/home/airflow/.local/lib/python3.12/site-packages/airflow/providers/standard/operators/python.py","lineno":214,"name":"execute"},{"filename":"/home/airflow/.local/lib/python3.12/site-packages/airflow/providers/standard/operators/python.py","lineno":237,"name":"execute_callable"},{"filename":"/home/airflow/.local/lib/python3.12/site-packages/airflow/sdk/execution_time/callback_runner.py","lineno":82,"name":"run"},{"filename":"/opt/airflow/dags/scripts/weather_pipeline.py","lineno":32,"name":"fetch_and_load"}],"is_group":false,"exceptions":[]}]}
{"timestamp":"2026-01-30T16:59:05.721643Z","level":"info","event":"Task instance in failure state","logger":"task.stdout"}
{"timestamp":"2026-01-30T16:59:05.722343Z","level":"info","event":"Task start","logger":"task.stdout"}
{"timestamp":"2026-01-30T16:59:05.722779Z","level":"info","event":"Task:<Task(PythonOperator): fetch_weather_and_load>","logger":"task.stdout"}
{"timestamp":"2026-01-30T16:59:05.723295Z","level":"info","event":"Failure caused by tuple index out of range","logger":"task.stdout"}
{"timestamp":"2026-01-30T17:10:41.201103Z","level":"info","event":"DAG bundles loaded: dags-folder, example_dags","logger":"airflow.dag_processing.bundles.manager.DagBundlesManager","filename":"manager.py","lineno":179}
{"timestamp":"2026-01-30T17:10:41.204874Z","level":"info","event":"Filling up the DagBag from /opt/airflow/dags/weather_dag.py","logger":"airflow.models.dagbag.DagBag","filename":"dagbag.py","lineno":593}
{"timestamp":"2026-01-30T17:10:41.472269Z","level":"info","event":"Task instance is in running state","logger":"task.stdout"}
{"timestamp":"2026-01-30T17:10:41.473667Z","level":"info","event":" Previous state of the Task instance: TaskInstanceState.QUEUED","logger":"task.stdout"}
{"timestamp":"2026-01-30T17:10:41.479086Z","level":"info","event":"Current task name:fetch_weather_and_load","logger":"task.stdout"}
{"timestamp":"2026-01-30T17:10:41.481277Z","level":"info","event":"Dag name:weather_pipeline","logger":"task.stdout"}
{"timestamp":"2026-01-30T17:10:41.505845Z","level":"error","event":"Task failed with exception","logger":"task","filename":"task_runner.py","lineno":1078,"error_detail":[{"exc_type":"OperationalError","exc_value":"connection to server at \"postgres\" (172.19.0.3), port 5432 failed: FATAL:  database \"weather_db\" does not exist\n","exc_notes":[],"syntax_error":null,"is_cause":false,"frames":[{"filename":"/home/airflow/.local/lib/python3.12/site-packages/airflow/sdk/execution_time/task_runner.py","lineno":1004,"name":"run"},{"filename":"/home/airflow/.local/lib/python3.12/site-packages/airflow/sdk/execution_time/task_runner.py","lineno":1405,"name":"_execute_task"},{"filename":"/home/airflow/.local/lib/python3.12/site-packages/airflow/sdk/bases/operator.py","lineno":417,"name":"wrapper"},{"filename":"/home/airflow/.local/lib/python3.12/site-packages/airflow/providers/standard/operators/python.py","lineno":214,"name":"execute"},{"filename":"/home/airflow/.local/lib/python3.12/site-packages/airflow/providers/standard/operators/python.py","lineno":237,"name":"execute_callable"},{"filename":"/home/airflow/.local/lib/python3.12/site-packages/airflow/sdk/execution_time/callback_runner.py","lineno":82,"name":"run"},{"filename":"/opt/airflow/dags/scripts/weather_pipeline.py","lineno":16,"name":"fetch_and_load"},{"filename":"/home/airflow/.local/lib/python3.12/site-packages/psycopg2/__init__.py","lineno":122,"name":"connect"}],"is_group":false,"exceptions":[]}]}
{"timestamp":"2026-01-30T17:10:41.511847Z","level":"info","event":"Task instance in failure state","logger":"task.stdout"}
{"timestamp":"2026-01-30T17:10:41.518955Z","level":"info","event":"Task start","logger":"task.stdout"}
{"timestamp":"2026-01-30T17:10:41.520018Z","level":"info","event":"Task:<Task(PythonOperator): fetch_weather_and_load>","logger":"task.stdout"}
{"timestamp":"2026-01-30T17:10:41.523685Z","level":"info","event":"Failure caused by connection to server at \"postgres\" (172.19.0.3), port 5432 failed: FATAL:  database \"weather_db\" does not exist","logger":"task.stdout"}
{"timestamp":"2026-01-30T17:10:41.528592Z","level":"info","event":"","logger":"task.stdout"}
